2025-05-08 19:49:15,173 [INFO] Activator:176 - 


2025-05-08 19:49:15,174 [INFO] Activator:177 - !SESSION log4j initialized
2025-05-08 19:49:19,348 [INFO] LogOutputStream:77 - [STDOUT_REDIRECT] 
2025-05-08 19:49:21,544 [INFO] ApplicationProperties:184 - Using Application install path: C:\ST\STM32CubeIDE_1.17.0\STM32CubeIDE\plugins\com.st.stm32cube.common.mx_6.13.0.202411220809
2025-05-08 19:49:21,561 [INFO] DbMcusXml:78 - Set database path to: C:\ST\STM32CubeIDE_1.17.0\STM32CubeIDE\plugins\com.st.stm32cube.common.mx_6.13.0.202411220809\\db\/mcu/
2025-05-08 19:49:21,561 [INFO] ApiDb:274 - Set plugin database path to: C:\ST\STM32CubeIDE_1.17.0\STM32CubeIDE\plugins\com.st.stm32cube.common.mx_6.13.0.202411220809\\db\/plugins/boardmanager/
2025-05-08 19:49:21,562 [WARN] ApiDb:259 - Overriding images path with different value:  => C:\ST\STM32CubeIDE_1.17.0\STM32CubeIDE\plugins\com.st.stm32cube.common.mx_6.13.0.202411220809\\db\/plugins/mcufinder/images/
2025-05-08 19:49:21,571 [INFO] ApiDb:250 - Set database path to: C:\Users\ASUS\.stmcufinder\plugins\mcufinder//mcu/
2025-05-08 19:49:21,572 [INFO] DbMcusAds:125 - Set database path to: C:\Users\ASUS\.stmcufinder\plugins\mcufinder//mcu/
2025-05-08 19:49:21,574 [INFO] CrossReferenceDbSqlite:203 - Set database path to: C:\Users\ASUS\.stmcufinder\plugins\mcufinder//mcu/cs/
2025-05-08 19:49:21,691 [INFO] RulesReader:64 - Compatibility file has been processed (297 Rules)
2025-05-08 19:49:21,772 [INFO] DbMcusXml:78 - Set database path to: C:\ST\STM32CubeIDE_1.17.0\STM32CubeIDE\plugins\com.st.stm32cube.common.mx_6.13.0.202411220809\\db\/mcu/
2025-05-08 19:49:21,773 [INFO] ApiDb:274 - Set plugin database path to: C:\ST\STM32CubeIDE_1.17.0\STM32CubeIDE\plugins\com.st.stm32cube.common.mx_6.13.0.202411220809\\db\/plugins/boardmanager/
2025-05-08 19:49:21,773 [INFO] ApiDb:261 - Set plugin images path to: C:\ST\STM32CubeIDE_1.17.0\STM32CubeIDE\plugins\com.st.stm32cube.common.mx_6.13.0.202411220809\\db\/plugins/mcufinder/images/
2025-05-08 19:49:21,773 [WARN] DbFile:41 - Overriding database path with different value: C:\Users\ASUS\.stmcufinder\plugins\mcufinder/ => C:\Users\ASUS\.stmcufinder\plugins\mcufinder
2025-05-08 19:49:21,773 [INFO] ApiDb:250 - Set database path to: C:\Users\ASUS\.stmcufinder\plugins\mcufinder//mcu/
2025-05-08 19:49:21,773 [WARN] DbFile:41 - Overriding database path with different value: C:\Users\ASUS\.stmcufinder\plugins\mcufinder/ => C:\Users\ASUS\.stmcufinder\plugins\mcufinder
2025-05-08 19:49:21,773 [INFO] DbMcusAds:125 - Set database path to: C:\Users\ASUS\.stmcufinder\plugins\mcufinder//mcu/
2025-05-08 19:49:21,773 [WARN] DbFile:41 - Overriding database path with different value: C:\Users\ASUS\.stmcufinder\plugins\mcufinder/ => C:\Users\ASUS\.stmcufinder\plugins\mcufinder
2025-05-08 19:49:21,773 [WARN] DbFile:41 - Overriding database path with different value: C:\Users\ASUS\.stmcufinder\plugins\mcufinder/ => C:\Users\ASUS\.stmcufinder\plugins\mcufinder
2025-05-08 19:49:21,773 [INFO] CrossReferenceDbSqlite:203 - Set database path to: C:\Users\ASUS\.stmcufinder\plugins\mcufinder//mcu/cs/
2025-05-08 19:49:21,843 [INFO] MainPanel:272 - HeapMemory: 268435456
2025-05-08 19:49:21,949 [INFO] DbMcusXml:78 - Set database path to: C:\ST\STM32CubeIDE_1.17.0\STM32CubeIDE\plugins\com.st.stm32cube.common.mx_6.13.0.202411220809\\db\/mcu/
2025-05-08 19:49:21,949 [INFO] ApiDb:274 - Set plugin database path to: C:\ST\STM32CubeIDE_1.17.0\STM32CubeIDE\plugins\com.st.stm32cube.common.mx_6.13.0.202411220809\\db\/plugins/boardmanager/
2025-05-08 19:49:21,949 [INFO] ApiDb:261 - Set plugin images path to: C:\ST\STM32CubeIDE_1.17.0\STM32CubeIDE\plugins\com.st.stm32cube.common.mx_6.13.0.202411220809\\db\/plugins/mcufinder/images/
2025-05-08 19:49:21,949 [WARN] DbFile:41 - Overriding database path with different value: C:\Users\ASUS\.stmcufinder\plugins\mcufinder/ => C:\Users\ASUS\.stmcufinder\plugins\mcufinder
2025-05-08 19:49:21,949 [INFO] ApiDb:250 - Set database path to: C:\Users\ASUS\.stmcufinder\plugins\mcufinder//mcu/
2025-05-08 19:49:21,949 [WARN] DbFile:41 - Overriding database path with different value: C:\Users\ASUS\.stmcufinder\plugins\mcufinder/ => C:\Users\ASUS\.stmcufinder\plugins\mcufinder
2025-05-08 19:49:21,950 [INFO] DbMcusAds:125 - Set database path to: C:\Users\ASUS\.stmcufinder\plugins\mcufinder//mcu/
2025-05-08 19:49:21,950 [WARN] DbFile:41 - Overriding database path with different value: C:\Users\ASUS\.stmcufinder\plugins\mcufinder/ => C:\Users\ASUS\.stmcufinder\plugins\mcufinder
2025-05-08 19:49:21,950 [WARN] DbFile:41 - Overriding database path with different value: C:\Users\ASUS\.stmcufinder\plugins\mcufinder/ => C:\Users\ASUS\.stmcufinder\plugins\mcufinder
2025-05-08 19:49:21,950 [INFO] CrossReferenceDbSqlite:203 - Set database path to: C:\Users\ASUS\.stmcufinder\plugins\mcufinder//mcu/cs/
2025-05-08 19:49:21,967 [INFO] ApplicationProperties:184 - Using Application install path: C:\ST\STM32CubeIDE_1.17.0\STM32CubeIDE\plugins\com.st.stm32cube.common.mx_6.13.0.202411220809
2025-05-08 19:49:21,968 [INFO] PluginManage:196 - Search for loadable plugins [exclusion list=, ]
2025-05-08 19:49:21,969 [INFO] PluginManage:310 - Check plugin analytics
2025-05-08 19:49:22,155 [INFO] AnalyticsPlugin:253 - Accepted Software Licenses: 
2025-05-08 19:49:22,155 [INFO] AnalyticsPlugin:255 - Accepted CMSIS Pack Licenses: 
2025-05-08 19:49:22,155 [INFO] AnalyticsPlugin:257 - Accepted Firmware Licenses: FW.G4.1.6.0,FW.G4.1.5.0
2025-05-08 19:49:22,159 [INFO] PluginManage:359 - Loaded plugin analytics (category:tool,tabindex:-1)
2025-05-08 19:49:22,159 [INFO] PluginManage:310 - Check plugin cadmodel
2025-05-08 19:49:22,182 [INFO] CADModel:105 - Init CAD model plugin
2025-05-08 19:49:22,182 [INFO] PluginManage:359 - Loaded plugin cadmodel (category:power,tabindex:5)
2025-05-08 19:49:22,182 [INFO] PluginManage:310 - Check plugin clock
2025-05-08 19:49:22,209 [INFO] PluginManage:359 - Loaded plugin clock (category:base,tabindex:2)
2025-05-08 19:49:22,209 [INFO] PluginManage:310 - Check plugin ddr
2025-05-08 19:49:22,212 [INFO] PluginManage:359 - Loaded plugin ddr (category:tool,tabindex:6)
2025-05-08 19:49:22,212 [INFO] PluginManage:310 - Check plugin filemanager
2025-05-08 19:49:22,395 [INFO] PluginManage:359 - Loaded plugin filemanager (category:base,tabindex:10)
2025-05-08 19:49:22,395 [INFO] PluginManage:310 - Check plugin ipmanager
2025-05-08 19:49:22,402 [INFO] PluginManage:359 - Loaded plugin ipmanager (category:base,tabindex:5)
2025-05-08 19:49:22,403 [INFO] PluginManage:310 - Check plugin lpbam
2025-05-08 19:49:22,422 [INFO] PluginManage:359 - Loaded plugin lpbam (category:base,tabindex:0)
2025-05-08 19:49:22,422 [INFO] PluginManage:310 - Check plugin memorymap
2025-05-08 19:49:22,448 [INFO] PluginManage:359 - Loaded plugin memorymap (category:base,tabindex:4)
2025-05-08 19:49:22,448 [INFO] PluginManage:310 - Check plugin pinoutandconfiguration
2025-05-08 19:49:22,469 [INFO] PluginManage:359 - Loaded plugin pinoutandconfiguration (category:base,tabindex:1)
2025-05-08 19:49:22,469 [INFO] PluginManage:310 - Check plugin pinoutconfig
2025-05-08 19:49:22,564 [WARN] SupportedApi:132 - Cannot load RTOS API schema: s4s-elt-must-match.1: The content of 'definitions' must match (annotation?, (simpleType | complexType)?, (unique | key | keyref)*)). A problem was found starting at: attribute.
2025-05-08 19:49:22,681 [INFO] PluginManage:359 - Loaded plugin pinoutconfig (category:base,tabindex:0)
2025-05-08 19:49:22,682 [INFO] PluginManage:310 - Check plugin power
2025-05-08 19:49:22,705 [INFO] PluginManage:359 - Loaded plugin power (category:power,tabindex:4)
2025-05-08 19:49:22,705 [INFO] PluginManage:310 - Check plugin projectmanager
2025-05-08 19:49:22,718 [INFO] PluginManage:359 - Loaded plugin projectmanager (category:projectmanager,tabindex:4)
2025-05-08 19:49:22,718 [INFO] PluginManage:310 - Check plugin rif
2025-05-08 19:49:22,738 [INFO] PluginManage:359 - Loaded plugin rif (category:base,tabindex:3)
2025-05-08 19:49:22,739 [INFO] PluginManage:310 - Check plugin thirdparty
2025-05-08 19:49:23,052 [INFO] PluginManage:359 - Loaded plugin thirdparty (category:base,tabindex:-1)
2025-05-08 19:49:23,052 [WARN] IntegrityCheckThread:84 - waiting for thirdparty lock release [integrity check]
2025-05-08 19:49:23,053 [INFO] PluginManage:310 - Check plugin tools
2025-05-08 19:49:23,053 [INFO] IntegrityCheckThread:86 - entering critical section [integrity check]
2025-05-08 19:49:23,053 [INFO] ThirdPartyUpdaterWithRetryManager:70 - Updater plugin not ready yet. [1/15]
2025-05-08 19:49:23,099 [INFO] PluginManage:359 - Loaded plugin tools (category:base,tabindex:7)
2025-05-08 19:49:23,099 [INFO] PluginManage:310 - Check plugin tutovideos
2025-05-08 19:49:23,285 [INFO] PluginManage:359 - Loaded plugin tutovideos (category:base,tabindex:-1)
2025-05-08 19:49:23,285 [INFO] PluginManage:310 - Check plugin updater
2025-05-08 19:49:23,307 [INFO] PluginManage:359 - Loaded plugin updater (category:base,tabindex:12)
2025-05-08 19:49:23,307 [INFO] PluginManage:310 - Check plugin userauth
2025-05-08 19:49:23,311 [INFO] UserAuth:118 - Init User Auth plugin
2025-05-08 19:49:23,312 [INFO] PluginManage:359 - Loaded plugin userauth (category:base,tabindex:14)
2025-05-08 19:49:23,313 [INFO] PluginManage:283 - PluginManage : Loaded plugins [18]
2025-05-08 19:49:23,541 [INFO] PinOutPanel:1589 - setPackage(No Configuration,No Configuration)
2025-05-08 19:49:23,631 [INFO] CADModel:165 - CPN selected for project level
2025-05-08 19:49:23,631 [INFO] CADModel:114 - Register for checkConnection events
2025-05-08 19:49:23,662 [INFO] IPUIPlugin:80 - create IPUIPlugin
2025-05-08 19:49:23,663 [INFO] PluginManager:220 - loadIPPluginJar : add adc
2025-05-08 19:49:23,721 [INFO] IPUIPlugin:80 - create IPUIPlugin
2025-05-08 19:49:23,721 [INFO] PluginManager:220 - loadIPPluginJar : add aes
2025-05-08 19:49:23,778 [INFO] IPUIPlugin:80 - create IPUIPlugin
2025-05-08 19:49:23,778 [INFO] PluginManager:220 - loadIPPluginJar : add can
2025-05-08 19:49:23,811 [INFO] IPUIPlugin:80 - create IPUIPlugin
2025-05-08 19:49:23,811 [INFO] PluginManager:220 - loadIPPluginJar : add comp
2025-05-08 19:49:23,855 [INFO] IPUIPlugin:80 - create IPUIPlugin
2025-05-08 19:49:23,855 [INFO] PluginManager:220 - loadIPPluginJar : add cryp
2025-05-08 19:49:23,871 [INFO] IPUIPlugin:80 - create IPUIPlugin
2025-05-08 19:49:23,871 [INFO] PluginManager:220 - loadIPPluginJar : add ddr_ctrl_phy
2025-05-08 19:49:23,908 [INFO] IPUIPlugin:80 - create IPUIPlugin
2025-05-08 19:49:23,908 [INFO] PluginManager:220 - loadIPPluginJar : add dfsdm
2025-05-08 19:49:23,925 [INFO] IPUIPlugin:80 - create IPUIPlugin
2025-05-08 19:49:23,926 [INFO] PluginManager:220 - loadIPPluginJar : add dma
2025-05-08 19:49:23,969 [INFO] IPUIPlugin:80 - create IPUIPlugin
2025-05-08 19:49:23,969 [INFO] PluginManager:220 - loadIPPluginJar : add dma3
2025-05-08 19:49:24,015 [INFO] IPUIPlugin:80 - create IPUIPlugin
2025-05-08 19:49:24,015 [INFO] PluginManager:220 - loadIPPluginJar : add extmemmanager
2025-05-08 19:49:24,038 [INFO] IPUIPlugin:80 - create IPUIPlugin
2025-05-08 19:49:24,038 [INFO] PluginManager:220 - loadIPPluginJar : add fatfs
2025-05-08 19:49:24,085 [INFO] IPUIPlugin:80 - create IPUIPlugin
2025-05-08 19:49:24,085 [INFO] PluginManager:220 - loadIPPluginJar : add fmc
2025-05-08 19:49:24,102 [INFO] IPUIPlugin:80 - create IPUIPlugin
2025-05-08 19:49:24,102 [INFO] PluginManager:220 - loadIPPluginJar : add freertos
2025-05-08 19:49:24,124 [INFO] IPUIPlugin:80 - create IPUIPlugin
2025-05-08 19:49:24,124 [INFO] PluginManager:220 - loadIPPluginJar : add genericplugin
2025-05-08 19:49:24,211 [INFO] IPUIPlugin:80 - create IPUIPlugin
2025-05-08 19:49:24,211 [INFO] PluginManager:220 - loadIPPluginJar : add gfxmmu
2025-05-08 19:49:24,330 [INFO] IPUIPlugin:80 - create IPUIPlugin
2025-05-08 19:49:24,330 [INFO] PluginManager:220 - loadIPPluginJar : add gic
2025-05-08 19:49:24,346 [INFO] IPUIPlugin:80 - create IPUIPlugin
2025-05-08 19:49:24,346 [INFO] PluginManager:220 - loadIPPluginJar : add gpio
2025-05-08 19:49:24,444 [INFO] IPUIPlugin:80 - create IPUIPlugin
2025-05-08 19:49:24,444 [INFO] PluginManager:220 - loadIPPluginJar : add gtzc
2025-05-08 19:49:24,481 [INFO] IPUIPlugin:80 - create IPUIPlugin
2025-05-08 19:49:24,481 [INFO] PluginManager:220 - loadIPPluginJar : add hash
2025-05-08 19:49:24,534 [INFO] IPUIPlugin:80 - create IPUIPlugin
2025-05-08 19:49:24,534 [INFO] PluginManager:220 - loadIPPluginJar : add i2c
2025-05-08 19:49:24,576 [INFO] IPUIPlugin:80 - create IPUIPlugin
2025-05-08 19:49:24,576 [INFO] PluginManager:220 - loadIPPluginJar : add i2s
2025-05-08 19:49:24,618 [INFO] IPUIPlugin:80 - create IPUIPlugin
2025-05-08 19:49:24,619 [INFO] PluginManager:220 - loadIPPluginJar : add i3c
2025-05-08 19:49:24,742 [INFO] IPUIPlugin:80 - create IPUIPlugin
2025-05-08 19:49:24,742 [INFO] PluginManager:220 - loadIPPluginJar : add ipddr
2025-05-08 19:49:24,828 [INFO] IPUIPlugin:80 - create IPUIPlugin
2025-05-08 19:49:24,828 [INFO] PluginManager:220 - loadIPPluginJar : add linkedlist
2025-05-08 19:49:24,880 [INFO] IPUIPlugin:80 - create IPUIPlugin
2025-05-08 19:49:24,881 [INFO] PluginManager:220 - loadIPPluginJar : add lorawan
2025-05-08 19:49:24,927 [INFO] IPUIPlugin:80 - create IPUIPlugin
2025-05-08 19:49:24,927 [INFO] PluginManager:220 - loadIPPluginJar : add ltdc
2025-05-08 19:49:24,943 [INFO] IPUIPlugin:80 - create IPUIPlugin
2025-05-08 19:49:24,944 [INFO] PluginManager:220 - loadIPPluginJar : add mdma
2025-05-08 19:49:24,959 [INFO] IPUIPlugin:80 - create IPUIPlugin
2025-05-08 19:49:24,959 [INFO] PluginManager:220 - loadIPPluginJar : add nvic
2025-05-08 19:49:24,996 [INFO] IPUIPlugin:80 - create IPUIPlugin
2025-05-08 19:49:24,996 [INFO] PluginManager:220 - loadIPPluginJar : add opamp
2025-05-08 19:49:25,066 [INFO] IPUIPlugin:80 - create IPUIPlugin
2025-05-08 19:49:25,067 [INFO] PluginManager:220 - loadIPPluginJar : add openamp
2025-05-08 19:49:25,110 [INFO] IPUIPlugin:80 - create IPUIPlugin
2025-05-08 19:49:25,111 [INFO] PluginManager:220 - loadIPPluginJar : add pdm2pcm
2025-05-08 19:49:25,126 [INFO] IPUIPlugin:80 - create IPUIPlugin
2025-05-08 19:49:25,127 [INFO] PluginManager:220 - loadIPPluginJar : add plateformsettings
2025-05-08 19:49:25,152 [INFO] IPUIPlugin:80 - create IPUIPlugin
2025-05-08 19:49:25,152 [INFO] PluginManager:220 - loadIPPluginJar : add quadspi
2025-05-08 19:49:25,180 [INFO] IPUIPlugin:80 - create IPUIPlugin
2025-05-08 19:49:25,181 [INFO] PluginManager:220 - loadIPPluginJar : add radio
2025-05-08 19:49:25,197 [INFO] IPUIPlugin:80 - create IPUIPlugin
2025-05-08 19:49:25,197 [INFO] PluginManager:220 - loadIPPluginJar : add resmgrutility
2025-05-08 19:49:25,247 [INFO] IPUIPlugin:80 - create IPUIPlugin
2025-05-08 19:49:25,248 [INFO] PluginManager:220 - loadIPPluginJar : add sai
2025-05-08 19:49:25,284 [INFO] IPUIPlugin:80 - create IPUIPlugin
2025-05-08 19:49:25,284 [INFO] PluginManager:220 - loadIPPluginJar : add spi
2025-05-08 19:49:25,358 [INFO] IPUIPlugin:80 - create IPUIPlugin
2025-05-08 19:49:25,358 [INFO] PluginManager:220 - loadIPPluginJar : add stm32_wpan
2025-05-08 19:49:25,384 [INFO] IPUIPlugin:80 - create IPUIPlugin
2025-05-08 19:49:25,384 [INFO] PluginManager:220 - loadIPPluginJar : add tim
2025-05-08 19:49:25,444 [INFO] IPUIPlugin:80 - create IPUIPlugin
2025-05-08 19:49:25,445 [INFO] PluginManager:220 - loadIPPluginJar : add touchsensing
2025-05-08 19:49:25,469 [INFO] IPUIPlugin:80 - create IPUIPlugin
2025-05-08 19:49:25,470 [INFO] PluginManager:220 - loadIPPluginJar : add tracer_emb
2025-05-08 19:49:25,495 [INFO] IPUIPlugin:80 - create IPUIPlugin
2025-05-08 19:49:25,495 [INFO] PluginManager:220 - loadIPPluginJar : add ts
2025-05-08 19:49:25,520 [INFO] IPUIPlugin:80 - create IPUIPlugin
2025-05-08 19:49:25,520 [INFO] PluginManager:220 - loadIPPluginJar : add tsc
2025-05-08 19:49:25,543 [INFO] IPUIPlugin:80 - create IPUIPlugin
2025-05-08 19:49:25,543 [INFO] PluginManager:220 - loadIPPluginJar : add ucpd
2025-05-08 19:49:25,587 [INFO] IPUIPlugin:80 - create IPUIPlugin
2025-05-08 19:49:25,587 [INFO] PluginManager:220 - loadIPPluginJar : add usart
2025-05-08 19:49:25,631 [INFO] IPUIPlugin:80 - create IPUIPlugin
2025-05-08 19:49:25,631 [INFO] PluginManager:220 - loadIPPluginJar : add usbx
2025-05-08 19:49:25,748 [FATAL] Updater:351 - Updater called before beeing initialized
2025-05-08 19:49:25,777 [INFO] RulesReader:64 - Compatibility file has been processed (297 Rules)
2025-05-08 19:49:25,788 [INFO] RulesReader:64 - Compatibility file has been processed (297 Rules)
2025-05-08 19:49:25,798 [INFO] CADModel:165 - CPN selected for project level
2025-05-08 19:49:25,798 [INFO] CADModel:114 - Register for checkConnection events
2025-05-08 19:49:25,798 [FATAL] Updater:351 - Updater called before beeing initialized
2025-05-08 19:49:25,798 [ERROR] CADModel:125 - Updater not yet initialized, retry later 
2025-05-08 19:49:25,956 [FATAL] Updater:351 - Updater called before beeing initialized
2025-05-08 19:49:25,959 [INFO] CADModel:165 - CPN selected for project level
2025-05-08 19:49:25,959 [INFO] CADModel:114 - Register for checkConnection events
2025-05-08 19:49:25,959 [FATAL] Updater:351 - Updater called before beeing initialized
2025-05-08 19:49:25,959 [ERROR] CADModel:125 - Updater not yet initialized, retry later 
2025-05-08 19:49:25,961 [FATAL] Updater:351 - Updater called before beeing initialized
2025-05-08 19:49:26,054 [INFO] ThirdPartyUpdaterWithRetryManager:70 - Updater plugin not ready yet. [2/15]
2025-05-08 19:49:26,059 [FATAL] Updater:351 - Updater called before beeing initialized
2025-05-08 19:49:26,071 [INFO] DbMcusAds:53 - JSON generation date=Thu Mar 06 20:24:22 IST 2025 (1741272862204)
2025-05-08 19:49:26,071 [FATAL] Updater:351 - Updater called before beeing initialized
2025-05-08 19:49:26,105 [WARN] DetailPanel:346 - Failed to get advertising image, set to default
2025-05-08 19:49:26,298 [FATAL] Updater:351 - Updater called before beeing initialized
2025-05-08 19:49:26,300 [FATAL] Updater:351 - Updater called before beeing initialized
2025-05-08 19:49:26,301 [FATAL] Updater:351 - Updater called before beeing initialized
2025-05-08 19:49:26,301 [WARN] DetailPanel:346 - Failed to get advertising image, set to default
2025-05-08 19:49:26,301 [FATAL] Updater:351 - Updater called before beeing initialized
2025-05-08 19:49:26,359 [ERROR] Updater:1198 - MainUpdater not yet initialized. External WinMGr cannot be set.
2025-05-08 19:49:26,369 [INFO] Updater:1134 - Updater Version found : 6.13.0
2025-05-08 19:49:26,383 [INFO] ApplicationProperties:184 - Using Application install path: C:\ST\STM32CubeIDE_1.17.0\STM32CubeIDE\plugins\com.st.stm32cube.common.mx_6.13.0.202411220809
2025-05-08 19:49:26,804 [INFO] MainUpdater:2872 - connection check result : 10
2025-05-08 19:49:26,805 [INFO] MainUpdater:289 - Updater Check For Update Now.
2025-05-08 19:49:26,805 [INFO] MicroXplorer:498 - Change Database Version : DB.6.0.130
2025-05-08 19:49:26,825 [INFO] McuFinderGlobals:63 - Set McuFinder mode to 2 (CubeIDE integrated)
2025-05-08 19:49:26,826 [INFO] UserAuth:171 - activating auth plugin
2025-05-08 19:49:26,830 [INFO] UserAuth:486 - Internet connection configuration mode: 1
2025-05-08 19:49:26,876 [INFO] JxBrowserEngine:152 - Initiate JxBrowser Engine with user profile folder
2025-05-08 19:49:27,042 [INFO] CheckServerUpdateThread:120 - End of CheckServer Thread
2025-05-08 19:49:27,949 [INFO] WebApp:168 - Instantiating new browser for Auth
2025-05-08 19:49:29,454 [WARN] PackLoader:240 - Cannot read IP mode file for STMicroelectronics.FP-SNS-MOTENVWB1.1.4.0
2025-05-08 19:49:29,467 [INFO] WebApp:449 - Apply proxy settings
2025-05-08 19:49:29,467 [INFO] WebApp:534 - Chromium requires no authentication
2025-05-08 19:49:29,478 [WARN] PackLoader:240 - Cannot read IP mode file for STMicroelectronics.FP-ATR-ASTRA1.2.0.2
2025-05-08 19:49:29,478 [INFO] WebApp:477 - Direct internet connection detected
2025-05-08 19:49:29,495 [WARN] PackLoader:240 - Cannot read IP mode file for STMicroelectronics.FP-ATR-ASTRA1.2.0.1
2025-05-08 19:49:29,506 [INFO] WebApp:880 - Register for checkConnection events
2025-05-08 19:49:29,506 [INFO] WebApp:449 - Apply proxy settings
2025-05-08 19:49:29,506 [INFO] WebApp:534 - Chromium requires no authentication
2025-05-08 19:49:29,507 [INFO] WebApp:477 - Direct internet connection detected
2025-05-08 19:49:29,516 [WARN] PackLoader:240 - Cannot read IP mode file for STMicroelectronics.X-CUBE-SMBUS.2.1.0
2025-05-08 19:49:29,534 [WARN] PackLoader:240 - Cannot read IP mode file for STMicroelectronics.X-CUBE-WB05N.1.1.0
2025-05-08 19:49:29,551 [WARN] PackLoader:240 - Cannot read IP mode file for STMicroelectronics.X-CUBE-TOUCHGFX.4.23.0
2025-05-08 19:49:29,565 [WARN] PackLoader:240 - Cannot read IP mode file for STMicroelectronics.X-CUBE-TOUCHGFX.4.23.2
2025-05-08 19:49:29,613 [WARN] PackLoader:240 - Cannot read IP mode file for STMicroelectronics.X-CUBE-AZRTOS-F7.1.1.0
2025-05-08 19:49:29,637 [WARN] PackLoader:240 - Cannot read IP mode file for STMicroelectronics.FP-SNS-MOTENV1.4.3.2
2025-05-08 19:49:29,708 [WARN] PackLoader:240 - Cannot read IP mode file for STMicroelectronics.X-CUBE-MEMS1.11.0.0
2025-05-08 19:49:29,828 [INFO] WebApp:187 - Connection restablished
2025-05-08 19:49:29,904 [WARN] PackLoader:240 - Cannot read IP mode file for STMicroelectronics.FP-SNS-FLIGHT1.5.0.2
2025-05-08 19:49:29,932 [WARN] PackLoader:240 - Cannot read IP mode file for STMicroelectronics.X-CUBE-DISPLAY.3.0.0
2025-05-08 19:49:29,952 [WARN] PackLoader:240 - Cannot read IP mode file for STMicroelectronics.X-CUBE-BLE1.7.0.0
2025-05-08 19:49:29,971 [WARN] PackLoader:240 - Cannot read IP mode file for STMicroelectronics.X-CUBE-NFC10.1.0.0
2025-05-08 19:49:29,998 [WARN] PackLoader:240 - Cannot read IP mode file for STMicroelectronics.X-CUBE-BLEMGR.4.0.0
2025-05-08 19:49:30,020 [WARN] PackLoader:240 - Cannot read IP mode file for emotas.I-CUBE-CANOPEN.1.3.0
2025-05-08 19:49:30,051 [WARN] PackLoader:240 - Cannot read IP mode file for STMicroelectronics.X-CUBE-BLEMGR.3.1.0
2025-05-08 19:49:30,067 [INFO] WebApp:221 - Starting web application
2025-05-08 19:49:30,068 [INFO] WebApp:579 - Web application path used C:\ST\STM32CubeIDE_1.17.0\STM32CubeIDE\plugins\com.st.stm32cube.common.mx_6.13.0.202411220809\db\plugins\mcufinder\reactClient1\index.html
2025-05-08 19:49:30,085 [WARN] PackLoader:240 - Cannot read IP mode file for STMicroelectronics.X-CUBE-AI.10.0.0
2025-05-08 19:49:30,114 [WARN] PackLoader:240 - Cannot read IP mode file for STMicroelectronics.FP-SNS-SMARTAG2.1.2.0
2025-05-08 19:49:30,138 [WARN] PackLoader:240 - Cannot read IP mode file for STMicroelectronics.FP-SNS-FLIGHT1.5.1.0
2025-05-08 19:49:30,216 [WARN] PackLoader:240 - Cannot read IP mode file for STMicroelectronics.X-CUBE-MEMS1.11.1.0
2025-05-08 19:49:30,417 [INFO] LogOutputStream:77 - [STDOUT_REDIRECT] 1 : Invalid condition id : UX_CORESTACK_Condition cause : null
2025-05-08 19:49:30,418 [INFO] LogOutputStream:77 - [STDOUT_REDIRECT] 1 : Invalid condition id : UX_CORESTACK_Condition cause : null
2025-05-08 19:49:30,420 [INFO] LogOutputStream:77 - [STDOUT_REDIRECT] 1 : Invalid condition id : UX_CORESTACK_Condition cause : null
2025-05-08 19:49:30,422 [INFO] LogOutputStream:77 - [STDOUT_REDIRECT] 1 : Invalid condition id : UX_CORESTACK_Condition cause : null
2025-05-08 19:49:30,425 [INFO] LogOutputStream:77 - [STDOUT_REDIRECT] 1 : Invalid condition id : UX_CORESTACK_Condition cause : null
2025-05-08 19:49:30,432 [WARN] PackLoader:240 - Cannot read IP mode file for STMicroelectronics.X-CUBE-AZRTOS-WL.2.0.0
2025-05-08 19:49:30,463 [WARN] PackLoader:240 - Cannot read IP mode file for STMicroelectronics.FP-SNS-MOTENV1.5.0.0
2025-05-08 19:49:30,493 [WARN] PackLoader:240 - Cannot read IP mode file for wolfSSL.I-CUBE-wolfMQTT.1.19.0
2025-05-08 19:49:30,531 [WARN] PackLoader:240 - Cannot read IP mode file for WES.I-CUBE-Cesium.1.3.0
2025-05-08 19:49:30,567 [WARN] PackLoader:240 - Cannot read IP mode file for STMicroelectronics.X-CUBE-BLE2.3.3.0
2025-05-08 19:49:30,598 [WARN] PackLoader:240 - Cannot read IP mode file for STMicroelectronics.X-CUBE-NFC9.1.0.0
2025-05-08 19:49:30,628 [WARN] PackLoader:240 - Cannot read IP mode file for STMicroelectronics.X-CUBE-BLE1.7.1.0
2025-05-08 19:49:30,652 [WARN] PackLoader:240 - Cannot read IP mode file for STMicroelectronics.X-CUBE-TCPP.4.1.0
2025-05-08 19:49:30,681 [WARN] PackLoader:240 - Cannot read IP mode file for STMicroelectronics.X-CUBE-ALGOBUILD.1.3.0
2025-05-08 19:49:30,738 [WARN] PackLoader:240 - Cannot read IP mode file for STMicroelectronics.X-CUBE-MEMS1.11.2.0
2025-05-08 19:49:30,874 [WARN] PackLoader:240 - Cannot read IP mode file for STMicroelectronics.X-CUBE-AZRTOS-G0.1.1.0
2025-05-08 19:49:30,899 [WARN] PackLoader:240 - Cannot read IP mode file for STMicroelectronics.X-CUBE-SAFEA1.1.2.2
2025-05-08 19:49:30,926 [WARN] PackLoader:240 - Cannot read IP mode file for STMicroelectronics.X-CUBE-NFC4.3.0.0
2025-05-08 19:49:30,957 [WARN] PackLoader:240 - Cannot read IP mode file for EmbeddedOffice.I-CUBE-FS-RTOS.1.0.1
2025-05-08 19:49:30,980 [WARN] PackLoader:240 - Cannot read IP mode file for STMicroelectronics.X-CUBE-WB05N.2.0.0
2025-05-08 19:49:31,004 [WARN] PackLoader:240 - Cannot read IP mode file for STMicroelectronics.X-CUBE-BLEMGR.3.0.0
2025-05-08 19:49:31,023 [WARN] PackLoader:240 - Cannot read IP mode file for STMicroelectronics.X-CUBE-TCPP.4.2.0
2025-05-08 19:49:31,038 [WARN] PackLoader:240 - Cannot read IP mode file for RealThread.X-CUBE-RT-Thread_Nano.4.1.1
2025-05-08 19:49:31,052 [WARN] PackLoader:240 - Cannot read IP mode file for STMicroelectronics.FP-ATR-SIGFOX1.3.2.0
2025-05-08 19:49:31,068 [WARN] ConditionMgr:438 - getConditionDescription Invalid condition id : Cortex-A Device cause : null
2025-05-08 19:49:31,094 [WARN] ConditionMgr:1044 - genDependencies : Invalid condition id : Cortex-A Device cause : null
2025-05-08 19:49:31,094 [WARN] ConditionMgr:1044 - genDependencies : Invalid condition id : Cortex-A Device cause : null
2025-05-08 19:49:31,094 [WARN] ConditionMgr:1044 - genDependencies : Invalid condition id : Cortex-A Device cause : null
2025-05-08 19:49:31,109 [WARN] PackLoader:240 - Cannot read IP mode file for STMicroelectronics.X-CUBE-EEPRMA1.5.1.0
2025-05-08 19:49:31,134 [WARN] PackLoader:240 - Cannot read IP mode file for SEGGER.I-CUBE-embOS.1.3.1
2025-05-08 19:49:31,170 [WARN] PackLoader:240 - Cannot read IP mode file for STMicroelectronics.X-CUBE-ALGOBUILD.1.4.0
2025-05-08 19:49:31,183 [WARN] PackLoader:240 - Cannot read IP mode file for STMicroelectronics.X-CUBE-AI.9.1.0
2025-05-08 19:49:31,196 [WARN] PackLoader:240 - Cannot read IP mode file for STMicroelectronics.X-CUBE-GNSS1.6.0.0
2025-05-08 19:49:31,221 [WARN] PackLoader:240 - Cannot read IP mode file for STMicroelectronics.X-CUBE-AZRTOS-F4.1.1.0
2025-05-08 19:49:31,236 [WARN] PackLoader:240 - Cannot read IP mode file for wolfSSL.I-CUBE-wolfSSL.5.6.4
2025-05-08 19:49:31,249 [WARN] PackLoader:240 - Cannot read IP mode file for Avnet-IotConnect.X-CUBE-IoTC-DA16k-PMOD.1.0.0
2025-05-08 19:49:31,260 [WARN] PackLoader:240 - Cannot read IP mode file for STMicroelectronics.X-CUBE-ISPU.2.1.0
2025-05-08 19:49:31,272 [WARN] PackLoader:240 - Cannot read IP mode file for STMicroelectronics.X-CUBE-FREERTOS.1.2.0
2025-05-08 19:49:31,293 [WARN] PackLoader:240 - Cannot read IP mode file for STMicroelectronics.X-CUBE-AZRTOS-L5.2.0.0
2025-05-08 19:49:31,307 [WARN] PackLoader:240 - Cannot read IP mode file for STMicroelectronics.X-CUBE-EEPRMA1.4.2.0
2025-05-08 19:49:31,319 [WARN] PackLoader:240 - Cannot read IP mode file for STMicroelectronics.X-CUBE-NFC6.3.1.0
2025-05-08 19:49:31,333 [WARN] PackLoader:240 - Cannot read IP mode file for ITTIA_DB.I-CUBE-ITTIADB.8.8.0
2025-05-08 19:49:31,351 [WARN] PackLoader:240 - Cannot read IP mode file for STMicroelectronics.X-CUBE-DPower.1.2.0
2025-05-08 19:49:31,364 [WARN] PackLoader:240 - Cannot read IP mode file for STMicroelectronics.X-CUBE-AI.9.0.0
2025-05-08 19:49:31,376 [WARN] PackLoader:240 - Cannot read IP mode file for STMicroelectronics.X-CUBE-FREERTOS.1.3.0
2025-05-08 19:49:31,389 [WARN] PackLoader:240 - Cannot read IP mode file for STMicroelectronics.X-CUBE-NFC7.1.0.1
2025-05-08 19:49:31,402 [WARN] PackLoader:240 - Cannot read IP mode file for wolfSSL.I-CUBE-wolfTPM.3.2.0
2025-05-08 19:49:31,417 [WARN] PackLoader:240 - Cannot read IP mode file for STMicroelectronics.X-CUBE-NFC6.3.0.0
2025-05-08 19:49:31,431 [WARN] PackLoader:240 - Cannot read IP mode file for STMicroelectronics.X-CUBE-DPower.1.3.0
2025-05-08 19:49:31,444 [WARN] PackLoader:240 - Cannot read IP mode file for STMicroelectronics.X-CUBE-AI.8.1.0
2025-05-08 19:49:31,467 [WARN] ConditionMgr:438 - getConditionDescription Invalid condition id : LAN8742 Phy interface Condition cause : null
2025-05-08 19:49:31,468 [WARN] PackLoader:240 - Cannot read IP mode file for STMicroelectronics.X-CUBE-AZRTOS-L4.2.0.0
2025-05-08 19:49:31,468 [WARN] ConditionMgr:1044 - genDependencies : Invalid condition id : LAN8742 Phy interface Condition cause : null
2025-05-08 19:49:31,468 [WARN] ConditionMgr:1044 - genDependencies : Invalid condition id : LAN8742 Phy interface Condition cause : null
2025-05-08 19:49:31,469 [WARN] ConditionMgr:1044 - genDependencies : Invalid condition id : LAN8742 Phy interface Condition cause : null
2025-05-08 19:49:31,482 [WARN] PackLoader:240 - Cannot read IP mode file for STMicroelectronics.X-CUBE-SFXS2LP1.4.0.0
2025-05-08 19:49:31,508 [WARN] PackLoader:240 - Cannot read IP mode file for STMicroelectronics.X-CUBE-AZRTOS-H7.3.3.0
2025-05-08 19:49:31,525 [WARN] PackLoader:240 - Cannot read IP mode file for STMicroelectronics.X-CUBE-IPS.3.0.0
2025-05-08 19:49:31,546 [WARN] ConditionMgr:438 - getConditionDescription Invalid condition id : UX DEVICE CLASS RTOS Condition cause : null
2025-05-08 19:49:31,546 [WARN] ConditionMgr:438 - getConditionDescription Invalid condition id : UX DEVICE CLASS RTOS Condition cause : null
2025-05-08 19:49:31,547 [WARN] PackLoader:240 - Cannot read IP mode file for STMicroelectronics.X-CUBE-AZRTOS-WB.2.0.0
2025-05-08 19:49:31,547 [WARN] ConditionMgr:1044 - genDependencies : Invalid condition id : UX DEVICE CLASS RTOS Condition cause : null
2025-05-08 19:49:31,547 [WARN] ConditionMgr:1044 - genDependencies : Invalid condition id : UX DEVICE CLASS RTOS Condition cause : null
2025-05-08 19:49:31,548 [WARN] ConditionMgr:1044 - genDependencies : Invalid condition id : UX DEVICE CLASS RTOS Condition cause : null
2025-05-08 19:49:31,548 [WARN] ConditionMgr:1044 - genDependencies : Invalid condition id : UX DEVICE CLASS RTOS Condition cause : null
2025-05-08 19:49:31,548 [WARN] ConditionMgr:1044 - genDependencies : Invalid condition id : UX DEVICE CLASS RTOS Condition cause : null
2025-05-08 19:49:31,560 [WARN] PackLoader:240 - Cannot read IP mode file for STMicroelectronics.X-CUBE-GNSS1.7.0.0
2025-05-08 19:49:31,572 [WARN] PackLoader:240 - Cannot read IP mode file for STMicroelectronics.X-CUBE-GNSS1.7.0.1
2025-05-08 19:49:31,585 [WARN] PackLoader:240 - Cannot read IP mode file for STMicroelectronics.X-CUBE-TOUCHGFX.4.25.0
2025-05-08 19:49:31,597 [WARN] PackLoader:240 - Cannot read IP mode file for STMicroelectronics.FP-SNS-STBOX1.2.0.0
2025-05-08 19:49:31,613 [WARN] PackLoader:240 - Cannot read IP mode file for STMicroelectronics.X-CUBE-SUBG2.5.0.0
2025-05-08 19:49:31,644 [WARN] PackLoader:240 - Cannot read IP mode file for STMicroelectronics.X-CUBE-AZRTOS-H7RS.1.1.0
2025-05-08 19:49:31,661 [WARN] PackLoader:240 - Cannot read IP mode file for Cesanta.I-CUBE-Mongoose.7.13.0
2025-05-08 19:49:31,683 [WARN] PackLoader:240 - Cannot read IP mode file for STMicroelectronics.X-CUBE-AZRTOS-G4.2.0.0
2025-05-08 19:49:31,701 [WARN] PackLoader:240 - Cannot read IP mode file for Infineon.AIROC-Wi-Fi-Bluetooth-STM32.1.5.1
2025-05-08 19:49:31,714 [WARN] PackLoader:240 - Cannot read IP mode file for STMicroelectronics.X-CUBE-NFC7.2.0.0
2025-05-08 19:49:31,727 [WARN] PackLoader:240 - Cannot read IP mode file for STMicroelectronics.FP-SNS-MOTENVWB1.1.3.1
2025-05-08 19:49:31,738 [WARN] PackLoader:240 - Cannot read IP mode file for STMicroelectronics.X-CUBE-ISPU.2.0.0
2025-05-08 19:49:31,753 [WARN] PackLoader:240 - Cannot read IP mode file for STMicroelectronics.X-CUBE-IPS.3.1.0
2025-05-08 19:49:31,768 [WARN] PackLoader:240 - Cannot read IP mode file for STMicroelectronics.X-CUBE-ALS.1.0.2
2025-05-08 19:49:31,799 [WARN] PackLoader:240 - Cannot read IP mode file for STMicroelectronics.X-CUBE-MEMS1.10.0.0
2025-05-08 19:49:31,857 [WARN] PackLoader:240 - Cannot read IP mode file for STMicroelectronics.X-CUBE-FREERTOS.1.1.0
2025-05-08 19:49:31,872 [WARN] PackLoader:240 - Cannot read IP mode file for STMicroelectronics.X-CUBE-TOUCHGFX.4.24.0
2025-05-08 19:49:31,886 [WARN] PackLoader:240 - Cannot read IP mode file for STMicroelectronics.X-CUBE-TOUCHGFX.4.24.2
2025-05-08 19:49:31,899 [WARN] PackLoader:240 - Cannot read IP mode file for STMicroelectronics.X-CUBE-TOUCHGFX.4.24.1
2025-05-08 19:49:31,914 [WARN] PackLoader:240 - Cannot read IP mode file for portGmbH.I-Cube-SoM-uGOAL.1.1.0
2025-05-08 19:49:31,929 [WARN] PackLoader:240 - Cannot read IP mode file for STMicroelectronics.X-CUBE-ALS.1.0.1
2025-05-08 19:49:31,957 [WARN] PackLoader:240 - Cannot read IP mode file for STMicroelectronics.X-CUBE-AZRTOS-H7RS.1.0.0
2025-05-08 19:49:31,972 [WARN] PackLoader:240 - Cannot read IP mode file for STMicroelectronics.FP-ATR-ASTRA1.2.0.0
2025-05-08 19:49:31,989 [WARN] PackLoader:240 - Cannot read IP mode file for STMicroelectronics.X-CUBE-TOF1.3.4.2
2025-05-08 19:49:32,011 [WARN] PackLoader:240 - Cannot read IP mode file for STMicroelectronics.X-CUBE-TOF1.3.4.3
2025-05-08 19:49:32,032 [WARN] PackLoader:240 - Cannot read IP mode file for STMicroelectronics.X-CUBE-TOF1.3.4.0
2025-05-08 19:49:32,051 [WARN] PackLoader:240 - Cannot read IP mode file for STMicroelectronics.X-CUBE-TOF1.3.4.1
2025-05-08 19:49:32,077 [WARN] PackLoader:240 - Cannot read IP mode file for STMicroelectronics.X-CUBE-AZRTOS-H7.3.2.0
2025-05-08 19:49:32,089 [WARN] PackLoader:240 - Cannot read IP mode file for wolfSSL.I-CUBE-wolfSSH.1.4.17
2025-05-08 19:49:32,090 [INFO] ThirdParty:978 - Integrity check success = true
2025-05-08 19:49:32,090 [INFO] IntegrityCheckThread:100 - exiting critical section [integrity check]
2025-05-08 19:49:32,090 [INFO] IntegrityCheckThread:103 - End integrity checks thread
2025-05-08 19:49:53,158 [ERROR] LogOutputStream:75 - [STDERR_REDIRECT] 
